Grading r52851 by enx-cs225autograder committed on Tue May  2 02:06:27 CDT 2017
Monad Autograder
Testing mp7 at 2017-05-03 01:36:57

"The problem is not enough early" ~ Jordi Paris Ferrer

Setting up test environment...
Compiling...
================================================================


Running tests...
================================================================
addElements1  . . . . . . [5 pts] - passed
addElements2  . . . . . . [5 pts] - passed
testFindAndSetUnion1  . . [5 pts] - passed
testFindAndSetUnion2  . . [5 pts] - passed
testFindAndSetUnion3  . . [5 pts] - passed
testMakeSmallMaze . . . . [5 pts] - passed
testMakeMazeConnected . . [5 pts] - passed
testMakeMazeAcyclic . . . [5 pts] - passed
testMakeMazeTree1000  . . [5 pts] - passed
testMakeMazeRandom  . . . [5 pts] - passed
testSolveMazeValidPath  . [5 pts] - passed
testSolutionBottomRow . . [5 pts] - passed
testSolutionCorrectSquare [5 pts] - FAILED: unit_tests.cpp:386: Didn't end up at the correct bottom-row cell
testSolveMazeSmall  . . . [5 pts] - passed
testSolveMazeLarge  . . . [5 pts] - passed
testDrawMazeSmall . . . . [5 pts] - passed
testDrawMazeMed . . . . . [5 pts] - passed
testDrawMazeLarge . . . . [5 pts] - passed
testDrawSolutionMed . . . [5 pts] - passed
testDrawSolutionLarge . . [5 pts] - passed


Total score...
================================================================
TOTAL SCORE: 95



Detailed test output...
================================================================
----------------------------------------------------------------
testSolutionCorrectSquare [5 points]
Result: FAILED: unit_tests.cpp:386: Didn't end up at the correct bottom-row cell
Took 1ms (5000ms timeout)
Output:
----------------------------------------------------------------
makeMaze finished
x is 14
14


----------------------------------------------------------------
Total score...
================================================================
TOTAL SCORE: 95

